# JRE version: Java(TM) SE Runtime Environment (10.0.2+13) (build 10.0.2+13)
# Java VM: Java HotSpot(TM) 64-Bit Server VM (10.0.2+13, mixed mode, tiered, compressed oops, g1 gc, bsd-amd64)
Heap:
 garbage-first heap   total 131072K, used 10584K [0x0000000740000000, 0x00000007c0000000)
  region size 1024K, 6 young (6144K), 3 survivors (3072K)
 Metaspace       used 21036K, capacity 21829K, committed 22192K, reserved 1069056K
  class space    used 2576K, capacity 2895K, committed 2992K, reserved 1048576K
GC Heap History (6 events):
Event: 1.372 GC heap before
{Heap before GC invocations=0 (full 0):
 garbage-first heap   total 131072K, used 14336K [0x0000000740000000, 0x00000007c0000000)
  region size 1024K, 14 young (14336K), 0 survivors (0K)
 Metaspace       used 15049K, capacity 15406K, committed 15744K, reserved 1062912K
  class space    used 1774K, capacity 1916K, committed 1920K, reserved 1048576K
}
Event: 1.381 GC heap after
{Heap after GC invocations=1 (full 0):
 garbage-first heap   total 131072K, used 4175K [0x0000000740000000, 0x00000007c0000000)
  region size 1024K, 2 young (2048K), 2 survivors (2048K)
 Metaspace       used 15049K, capacity 15406K, committed 15744K, reserved 1062912K
  class space    used 1774K, capacity 1916K, committed 1920K, reserved 1048576K
}
Event: 1.733 GC heap before
{Heap before GC invocations=1 (full 0):
 garbage-first heap   total 131072K, used 8271K [0x0000000740000000, 0x00000007c0000000)
  region size 1024K, 6 young (6144K), 2 survivors (2048K)
 Metaspace       used 16547K, capacity 17177K, committed 17536K, reserved 1064960K
  class space    used 2058K, capacity 2340K, committed 2432K, reserved 1048576K
}
Event: 1.739 GC heap after
{Heap after GC invocations=2 (full 0):
 garbage-first heap   total 131072K, used 4848K [0x0000000740000000, 0x00000007c0000000)
  region size 1024K, 1 young (1024K), 1 survivors (1024K)
 Metaspace       used 16547K, capacity 17177K, committed 17536K, reserved 1064960K
  class space    used 2058K, capacity 2340K, committed 2432K, reserved 1048576K
}
Event: 6.569 GC heap before
{Heap before GC invocations=2 (full 0):
 garbage-first heap   total 131072K, used 13040K [0x0000000740000000, 0x00000007c0000000)
  region size 1024K, 8 young (8192K), 1 survivors (1024K)
 Metaspace       used 20334K, capacity 21052K, committed 21296K, reserved 1067008K
  class space    used 2502K, capacity 2829K, committed 2864K, reserved 1048576K
}
Event: 6.575 GC heap after
{Heap after GC invocations=3 (full 0):
 garbage-first heap   total 131072K, used 8536K [0x0000000740000000, 0x00000007c0000000)
  region size 1024K, 3 young (3072K), 3 survivors (3072K)
 Metaspace       used 20334K, capacity 21052K, committed 21296K, reserved 1067008K
  class space    used 2502K, capacity 2829K, committed 2864K, reserved 1048576K
}

